<?xml version="1.0" encoding="UTF-8"?>
<!-- Generated by org.testng.reporters.JUnitReportReporter -->
<testsuite name="org.apache.maven.testNG.xyz" tests="2" time="5.319" ignored="0" failures="0" timestamp="06 Jul 2017 18:45:45 GMT" skipped="0" hostname="anish" errors="0">
  <testcase name="function" time="2.615" classname="org.apache.maven.testNG.xyz"/>
  <testcase name="f1" time="2.704" classname="org.apache.maven.testNG.xyz"/>
</testsuite> <!-- org.apache.maven.testNG.xyz -->
